<?xml version="1.0" encoding="UTF-8"?>
<testsuite name="com.bridgelabz.QuantityMeasurementTest" tests="1" skipped="0" failures="0" errors="0" timestamp="2020-10-13T10:02:32" hostname="DESKTOP-JVE4C36" time="0.014">
  <properties/>
  <testcase name="givingFeet_whenEquals" classname="com.bridgelabz.QuantityMeasurementTest" time="0.014"/>
  <system-out><![CDATA[]]></system-out>
  <system-err><![CDATA[]]></system-err>
</testsuite>
